<?xml version="1.0" encoding="UTF-8"?>
<!-- Generated by org.testng.reporters.JUnitReportReporter -->
<testsuite skipped="0" hostname="Monojit-PC" name="Testng.DataProviders" tests="3" failures="0" timestamp="31 Jul 2012 13:54:43 GMT" time="0.003" errors="0">
  <testcase name="name" time="0.001" classname="Testng.DataProviders"/>
  <testcase name="name" time="0.001" classname="Testng.DataProviders"/>
  <testcase name="name" time="0.001" classname="Testng.DataProviders"/>
</testsuite> <!-- Testng.DataProviders -->
