<?xml version="1.0" encoding="UTF-8"?>
<!-- Generated by org.testng.reporters.JUnitReportReporter -->
<testsuite skipped="0" hostname="Monojit-PC" name="Testng.ParallelBrowser" tests="2" failures="0" timestamp="31 Jul 2012 14:34:48 GMT" time="0.359" errors="0">
  <testcase name="GoogleTitle" time="0.237" classname="Testng.ParallelBrowser"/>
  <testcase name="GoogleTitle" time="0.122" classname="Testng.ParallelBrowser"/>
</testsuite> <!-- Testng.ParallelBrowser -->
