<?xml version="1.0" encoding="UTF-8"?>
<!-- Generated by org.testng.reporters.JUnitReportReporter -->
<testsuite skipped="0" hostname="Monojit-PC" name="Testng.testNG_test" tests="3" failures="0" timestamp="22 Sep 2018 14:13:17 GMT" time="31.803" errors="0">
  <testcase name="TC3" time="0.000" classname="Testng.testNG_test"/>
  <testcase name="TC1" time="17.358" classname="Testng.testNG_test"/>
  <testcase name="TC2" time="14.445" classname="Testng.testNG_test"/>
</testsuite> <!-- Testng.testNG_test -->
