<?xml version="1.0" encoding="UTF-8"?>
<!-- Generated by org.testng.reporters.JUnitReportReporter -->
<testsuite skipped="0" hostname="Monojit-PC" name="Testng.LearnAutomation" tests="1" failures="0" timestamp="19 Apr 2019 14:53:42 GMT" time="11.212" errors="0">
  <testcase name="steps" time="11.212" classname="Testng.LearnAutomation"/>
</testsuite> <!-- Testng.LearnAutomation -->
