<?xml version="1.0" encoding="UTF-8"?>
<!-- Generated by org.testng.reporters.JUnitReportReporter -->
<testsuite skipped="0" hostname="Monojit-PC" name="Testng.Parameter" tests="1" failures="0" timestamp="31 Jul 2012 13:54:43 GMT" time="0.012" errors="0">
  <testcase name="name" time="0.012" classname="Testng.Parameter"/>
</testsuite> <!-- Testng.Parameter -->
